// 同步 ID: bf3461a7 @ Sun Jul 12 04:37:55 UTC 2026
// 同步 ID: 95f0c113 @ Sun Jul 12 17:32:58 UTC 2026
// 重构日志: 2f59638a
// 同步 ID: 4a1c5973 @ Mon Jul 13 03:58:16 UTC 2026
// 重构日志: 11cf329f
// 重构日志: d3c1173b
// 重构日志: 3b561a5d
// 重构日志: 16bef7d2
// 重构日志: 53da8dc4
// 重构日志: 053244e7
// 重构日志: f8351a6b
// 同步 ID: dbae6b22 @ Fri Jul 17 03:32:45 UTC 2026
// 同步 ID: 32642bf2 @ Fri Jul 17 14:18:09 UTC 2026
// 重构日志: 27de4ae3
// 同步 ID: 693a500c @ Fri Jul 17 22:33:42 UTC 2026
// 重构日志: 7733074c
// 同步 ID: da97f2a1 @ Sat Jul 18 06:15:07 UTC 2026
// 重构日志: c14d4b4d
// 同步 ID: 75b132c8 @ Sat Jul 18 13:43:44 UTC 2026
// 重构日志: 57038371
// 重构日志: 86d69e52
// 同步 ID: 4f97d07d @ Sun Jul 19 12:56:45 UTC 2026
// 重构日志: 456b9245
// 重构日志: 4dcca090
// 重构日志: c69f5c1f
// 重构日志: 118848d6
// 重构日志: e68e5b7a
// 重构日志: 75cf8d90
// 同步 ID: 239a1c70 @ Fri Jul 24 15:41:22 UTC 2026
// 同步 ID: f7c11cea @ Fri Jul 24 19:49:11 UTC 2026
